2019-04-01 20:50:48,143 : INFO : PROGRESS: at sentence #0, processed 0 words, keeping 0 word types
2019-04-01 20:56:45,405 : INFO : PROGRESS: at sentence #10000, processed 21276586 words, keeping 552988 word types
2019-04-01 21:02:06,794 : INFO : PROGRESS: at sentence #20000, processed 39991911 words, keeping 814215 word types
2019-04-01 21:06:53,054 : INFO : PROGRESS: at sentence #30000, processed 55508518 words, keeping 1005642 word types
2019-04-01 21:11:10,098 : INFO : PROGRESS: at sentence #40000, processed 68725549 words, keeping 1174574 word types
2019-04-01 21:14:05,837 : INFO : PROGRESS: at sentence #50000, processed 78186601 words, keeping 1276212 word types
2019-04-01 21:15:33,277 : INFO : PROGRESS: at sentence #60000, processed 83639646 words, keeping 1303378 word types
2019-04-01 21:16:52,203 : INFO : PROGRESS: at sentence #70000, processed 88508149 words, keeping 1328620 word types
2019-04-01 21:18:06,427 : INFO : PROGRESS: at sentence #80000, processed 92838157 words, keeping 1349703 word types
2019-04-01 21:22:01,531 : INFO : PROGRESS: at sentence #90000, processed 104905659 words, keeping 1474532 word types
2019-04-01 21:25:58,333 : INFO : PROGRESS: at sentence #100000, processed 117431060 words, keeping 1614567 word types
2019-04-01 21:29:30,362 : INFO : PROGRESS: at sentence #110000, processed 128533676 words, keeping 1733397 word types
2019-04-01 21:33:07,392 : INFO : PROGRESS: at sentence #120000, processed 139246268 words, keeping 1844486 word types
2019-04-01 21:36:31,834 : INFO : PROGRESS: at sentence #130000, processed 149314953 words, keeping 1936360 word types
2019-04-01 21:40:15,131 : INFO : PROGRESS: at sentence #140000, processed 159948903 words, keeping 2048304 word types
2019-04-01 21:43:38,923 : INFO : PROGRESS: at sentence #150000, processed 169396374 words, keeping 2156221 word types
2019-04-01 21:47:20,386 : INFO : PROGRESS: at sentence #160000, processed 179209480 words, keeping 2255903 word types
2019-04-01 21:50:43,312 : INFO : PROGRESS: at sentence #170000, processed 188252462 words, keeping 2341671 word types
2019-04-01 21:53:42,404 : INFO : PROGRESS: at sentence #180000, processed 196832342 words, keeping 2418636 word types
2019-04-01 21:56:42,221 : INFO : PROGRESS: at sentence #190000, processed 204777767 words, keeping 2492248 word types
2019-04-01 21:59:57,307 : INFO : PROGRESS: at sentence #200000, processed 213039310 words, keeping 2572245 word types
2019-04-01 22:02:47,628 : INFO : PROGRESS: at sentence #210000, processed 220950150 words, keeping 2637356 word types
2019-04-01 22:06:02,677 : INFO : PROGRESS: at sentence #220000, processed 228976003 words, keeping 2705125 word types
2019-04-01 22:08:50,484 : INFO : PROGRESS: at sentence #230000, processed 236759116 words, keeping 2773920 word types
2019-04-01 22:11:45,353 : INFO : PROGRESS: at sentence #240000, processed 244493038 words, keeping 2839468 word types
2019-04-01 22:14:46,789 : INFO : PROGRESS: at sentence #250000, processed 252199968 words, keeping 2902660 word types
2019-04-01 22:17:49,712 : INFO : PROGRESS: at sentence #260000, processed 259570650 words, keeping 2962846 word types
2019-04-01 22:21:50,664 : INFO : PROGRESS: at sentence #270000, processed 266740285 words, keeping 3027181 word types
2019-04-01 22:24:33,881 : INFO : PROGRESS: at sentence #280000, processed 273675481 words, keeping 3088850 word types
2019-04-01 22:27:21,281 : INFO : PROGRESS: at sentence #290000, processed 280708697 words, keeping 3154457 word types
2019-04-01 22:29:58,151 : INFO : PROGRESS: at sentence #300000, processed 287303200 words, keeping 3212270 word types
2019-04-01 22:32:50,020 : INFO : PROGRESS: at sentence #310000, processed 294107807 words, keeping 3273348 word types
2019-04-01 22:35:32,453 : INFO : PROGRESS: at sentence #320000, processed 300793216 words, keeping 3327684 word types
2019-04-01 22:38:06,272 : INFO : PROGRESS: at sentence #330000, processed 307021687 words, keeping 3376162 word types
2019-04-01 22:40:41,092 : INFO : PROGRESS: at sentence #340000, processed 313508028 words, keeping 3422703 word types
2019-04-01 22:43:12,082 : INFO : PROGRESS: at sentence #350000, processed 319838460 words, keeping 3468803 word types
2019-04-01 22:45:36,358 : INFO : PROGRESS: at sentence #360000, processed 325767104 words, keeping 3511472 word types
2019-04-01 22:48:08,884 : INFO : PROGRESS: at sentence #370000, processed 331921749 words, keeping 3558534 word types
2019-04-01 22:50:55,724 : INFO : PROGRESS: at sentence #380000, processed 338180010 words, keeping 3605055 word types
2019-04-01 22:53:29,145 : INFO : PROGRESS: at sentence #390000, processed 344196267 words, keeping 3650816 word types
2019-04-01 22:56:05,929 : INFO : PROGRESS: at sentence #400000, processed 350235322 words, keeping 3698466 word types
2019-04-01 22:58:39,892 : INFO : PROGRESS: at sentence #410000, processed 356268844 words, keeping 3746822 word types
2019-04-01 23:01:04,527 : INFO : PROGRESS: at sentence #420000, processed 362194739 words, keeping 3790412 word types
2019-04-01 23:03:39,558 : INFO : PROGRESS: at sentence #430000, processed 368259363 words, keeping 3837480 word types
2019-04-01 23:06:16,344 : INFO : PROGRESS: at sentence #440000, processed 374105435 words, keeping 3879035 word types
2019-04-01 23:08:47,121 : INFO : PROGRESS: at sentence #450000, processed 380015671 words, keeping 3925416 word types
2019-04-01 23:11:19,534 : INFO : PROGRESS: at sentence #460000, processed 385535302 words, keeping 3964081 word types
2019-04-01 23:12:49,781 : INFO : finished iterating over Wikipedia corpus of 466490 documents with 389219618 positions (total 1000000 articles, 391642442 positions before pruning articles shorter than 50 words)
2019-04-01 23:12:49,926 : INFO : collected 3996034 word types from a corpus of 389219618 raw words and 466490 sentences
2019-04-01 23:12:49,928 : INFO : Loading a fresh vocabulary
2019-04-01 23:13:05,734 : INFO : effective_min_count=1 retains 3996034 unique words (100% of original 3996034, drops 0)
2019-04-01 23:13:05,735 : INFO : effective_min_count=1 leaves 389219618 word corpus (100% of original 389219618, drops 0)
2019-04-01 23:13:21,048 : INFO : deleting the raw counts dictionary of 3996034 items
2019-04-01 23:13:21,174 : INFO : sample=0.001 downsamples 6 most-common words
2019-04-01 23:13:21,175 : INFO : downsampling leaves estimated 370276854 word corpus (95.1% of prior 389219618)
2019-04-01 23:13:37,282 : INFO : estimated required memory for 3996034 words and 300 dimensions: 11588498600 bytes
2019-04-01 23:13:37,284 : INFO : resetting layer weights
2019-04-01 23:14:40,821 : INFO : training model with 10 workers on 3996034 vocabulary and 300 features, using sg=0 hs=0 sample=0.001 negative=5 window=5
2019-04-01 23:14:50,017 : INFO : EPOCH 1 - PROGRESS: at 0.00% examples, 707 words/s, in_qsize 0, out_qsize 0
2019-04-01 23:14:51,121 : INFO : EPOCH 1 - PROGRESS: at 0.00% examples, 3982 words/s, in_qsize 0, out_qsize 1
2019-04-01 23:14:52,259 : INFO : EPOCH 1 - PROGRESS: at 0.01% examples, 7193 words/s, in_qsize 1, out_qsize 0
2019-04-01 23:14:53,422 : INFO : EPOCH 1 - PROGRESS: at 0.01% examples, 14355 words/s, in_qsize 0, out_qsize 0
2019-04-01 23:14:55,075 : INFO : EPOCH 1 - PROGRESS: at 0.02% examples, 19621 words/s, in_qsize 0, out_qsize 0
2019-04-01 23:14:58,029 : INFO : EPOCH 1 - PROGRESS: at 0.04% examples, 28646 words/s, in_qsize 0, out_qsize 0
2019-04-01 23:14:59,690 : INFO : EPOCH 1 - PROGRESS: at 0.05% examples, 31149 words/s, in_qsize 0, out_qsize 0
2019-04-01 23:15:02,559 : INFO : EPOCH 1 - PROGRESS: at 0.05% examples, 27847 words/s, in_qsize 0, out_qsize 0
2019-04-01 23:15:03,584 : INFO : EPOCH 1 - PROGRESS: at 0.07% examples, 36082 words/s, in_qsize 0, out_qsize 0
2019-04-01 23:15:05,143 : INFO : EPOCH 1 - PROGRESS: at 0.09% examples, 39671 words/s, in_qsize 0, out_qsize 0
2019-04-01 23:15:07,298 : INFO : EPOCH 1 - PROGRESS: at 0.09% examples, 37401 words/s, in_qsize 0, out_qsize 4
2019-04-01 23:15:10,379 : INFO : EPOCH 1 - PROGRESS: at 0.11% examples, 37835 words/s, in_qsize 1, out_qsize 0
2019-04-01 23:15:13,090 : INFO : EPOCH 1 - PROGRESS: at 0.14% examples, 40802 words/s, in_qsize 0, out_qsize 0
2019-04-01 23:15:14,112 : INFO : EPOCH 1 - PROGRESS: at 0.14% examples, 40163 words/s, in_qsize 0, out_qsize 0
2019-04-01 23:15:15,814 : INFO : EPOCH 1 - PROGRESS: at 0.14% examples, 38539 words/s, in_qsize 1, out_qsize 0
2019-04-01 23:15:17,101 : INFO : EPOCH 1 - PROGRESS: at 0.15% examples, 39280 words/s, in_qsize 2, out_qsize 0
2019-04-01 23:15:18,501 : INFO : EPOCH 1 - PROGRESS: at 0.17% examples, 41985 words/s, in_qsize 1, out_qsize 1
2019-04-01 23:15:19,771 : INFO : EPOCH 1 - PROGRESS: at 0.18% examples, 43291 words/s, in_qsize 0, out_qsize 0
2019-04-01 23:15:21,909 : INFO : EPOCH 1 - PROGRESS: at 0.19% examples, 44495 words/s, in_qsize 0, out_qsize 0
2019-04-01 23:15:23,250 : INFO : EPOCH 1 - PROGRESS: at 0.20% examples, 44705 words/s, in_qsize 0, out_qsize 0
2019-04-01 23:15:25,472 : INFO : EPOCH 1 - PROGRESS: at 0.21% examples, 45091 words/s, in_qsize 0, out_qsize 0
2019-04-01 23:15:27,268 : INFO : EPOCH 1 - PROGRESS: at 0.24% examples, 46295 words/s, in_qsize 0, out_qsize 0
2019-04-01 23:15:28,421 : INFO : EPOCH 1 - PROGRESS: at 0.24% examples, 45578 words/s, in_qsize 0, out_qsize 0
2019-04-01 23:15:30,906 : INFO : EPOCH 1 - PROGRESS: at 0.25% examples, 44605 words/s, in_qsize 1, out_qsize 0
2019-04-01 23:15:33,750 : INFO : EPOCH 1 - PROGRESS: at 0.27% examples, 44021 words/s, in_qsize 0, out_qsize 0
2019-04-01 23:15:36,447 : INFO : EPOCH 1 - PROGRESS: at 0.29% examples, 45219 words/s, in_qsize 0, out_qsize 0
2019-04-01 23:15:37,673 : INFO : EPOCH 1 - PROGRESS: at 0.30% examples, 45226 words/s, in_qsize 0, out_qsize 0
2019-04-01 23:15:38,858 : INFO : EPOCH 1 - PROGRESS: at 0.30% examples, 45413 words/s, in_qsize 0, out_qsize 0
2019-04-01 23:15:40,513 : INFO : EPOCH 1 - PROGRESS: at 0.31% examples, 45335 words/s, in_qsize 7, out_qsize 0
2019-04-01 23:15:41,603 : INFO : EPOCH 1 - PROGRESS: at 0.33% examples, 47242 words/s, in_qsize 0, out_qsize 0
2019-04-01 23:15:43,798 : INFO : EPOCH 1 - PROGRESS: at 0.34% examples, 46545 words/s, in_qsize 0, out_qsize 0
2019-04-01 23:15:45,571 : INFO : EPOCH 1 - PROGRESS: at 0.34% examples, 46129 words/s, in_qsize 0, out_qsize 0
2019-04-01 23:15:47,020 : INFO : EPOCH 1 - PROGRESS: at 0.35% examples, 45572 words/s, in_qsize 0, out_qsize 0
2019-04-01 23:15:48,712 : INFO : EPOCH 1 - PROGRESS: at 0.37% examples, 48049 words/s, in_qsize 0, out_qsize 0
2019-04-01 23:15:49,980 : INFO : EPOCH 1 - PROGRESS: at 0.37% examples, 47628 words/s, in_qsize 0, out_qsize 0
2019-04-01 23:15:54,557 : INFO : EPOCH 1 - PROGRESS: at 0.39% examples, 46463 words/s, in_qsize 0, out_qsize 0
2019-04-01 23:15:58,482 : INFO : EPOCH 1 - PROGRESS: at 0.40% examples, 46369 words/s, in_qsize 0, out_qsize 0
2019-04-01 23:15:59,537 : INFO : EPOCH 1 - PROGRESS: at 0.42% examples, 48348 words/s, in_qsize 6, out_qsize 0
2019-04-01 23:16:00,539 : INFO : EPOCH 1 - PROGRESS: at 0.44% examples, 49566 words/s, in_qsize 0, out_qsize 0
2019-04-01 23:16:02,092 : INFO : EPOCH 1 - PROGRESS: at 0.44% examples, 49452 words/s, in_qsize 0, out_qsize 0
2019-04-01 23:16:03,324 : INFO : EPOCH 1 - PROGRESS: at 0.45% examples, 49226 words/s, in_qsize 0, out_qsize 0
2019-04-01 23:16:04,933 : INFO : EPOCH 1 - PROGRESS: at 0.45% examples, 48474 words/s, in_qsize 0, out_qsize 2
2019-04-01 23:16:06,193 : INFO : EPOCH 1 - PROGRESS: at 0.47% examples, 49590 words/s, in_qsize 0, out_qsize 0
2019-04-01 23:16:07,229 : INFO : EPOCH 1 - PROGRESS: at 0.48% examples, 50878 words/s, in_qsize 0, out_qsize 0
2019-04-01 23:16:10,735 : INFO : EPOCH 1 - PROGRESS: at 0.49% examples, 49210 words/s, in_qsize 0, out_qsize 0
2019-04-01 23:16:13,138 : INFO : EPOCH 1 - PROGRESS: at 0.49% examples, 48037 words/s, in_qsize 0, out_qsize 0
2019-04-01 23:16:14,224 : INFO : EPOCH 1 - PROGRESS: at 0.52% examples, 50687 words/s, in_qsize 0, out_qsize 0
2019-04-01 23:16:15,584 : INFO : EPOCH 1 - PROGRESS: at 0.53% examples, 50808 words/s, in_qsize 2, out_qsize 0
2019-04-01 23:16:17,126 : INFO : EPOCH 1 - PROGRESS: at 0.53% examples, 50929 words/s, in_qsize 0, out_qsize 0
2019-04-01 23:16:18,590 : INFO : EPOCH 1 - PROGRESS: at 0.53% examples, 50257 words/s, in_qsize 1, out_qsize 1
2019-04-01 23:16:19,613 : INFO : EPOCH 1 - PROGRESS: at 0.55% examples, 51096 words/s, in_qsize 0, out_qsize 0
2019-04-01 23:16:20,835 : INFO : EPOCH 1 - PROGRESS: at 0.55% examples, 50588 words/s, in_qsize 0, out_qsize 0
2019-04-01 23:16:22,028 : INFO : EPOCH 1 - PROGRESS: at 0.56% examples, 51158 words/s, in_qsize 0, out_qsize 0
2019-04-01 23:16:23,245 : INFO : EPOCH 1 - PROGRESS: at 0.57% examples, 51582 words/s, in_qsize 4, out_qsize 0
2019-04-01 23:16:24,427 : INFO : EPOCH 1 - PROGRESS: at 0.58% examples, 52052 words/s, in_qsize 0, out_qsize 0
2019-04-01 23:16:25,761 : INFO : EPOCH 1 - PROGRESS: at 0.58% examples, 51679 words/s, in_qsize 0, out_qsize 0
2019-04-01 23:16:28,194 : INFO : EPOCH 1 - PROGRESS: at 0.59% examples, 50552 words/s, in_qsize 0, out_qsize 0
2019-04-01 23:16:29,524 : INFO : EPOCH 1 - PROGRESS: at 0.60% examples, 51460 words/s, in_qsize 0, out_qsize 0
2019-04-01 23:16:30,549 : INFO : EPOCH 1 - PROGRESS: at 0.61% examples, 51341 words/s, in_qsize 0, out_qsize 0
2019-04-01 23:16:33,268 : INFO : EPOCH 1 - PROGRESS: at 0.63% examples, 51817 words/s, in_qsize 0, out_qsize 0
2019-04-01 23:16:34,408 : INFO : EPOCH 1 - PROGRESS: at 0.64% examples, 51778 words/s, in_qsize 0, out_qsize 0
2019-04-01 23:16:36,842 : INFO : EPOCH 1 - PROGRESS: at 0.65% examples, 51843 words/s, in_qsize 0, out_qsize 0
2019-04-01 23:16:39,018 : INFO : EPOCH 1 - PROGRESS: at 0.65% examples, 51075 words/s, in_qsize 2, out_qsize 0
2019-04-01 23:16:41,410 : INFO : EPOCH 1 - PROGRESS: at 0.68% examples, 52104 words/s, in_qsize 0, out_qsize 0
2019-04-01 23:16:43,371 : INFO : EPOCH 1 - PROGRESS: at 0.69% examples, 51911 words/s, in_qsize 0, out_qsize 0
2019-04-01 23:16:44,651 : INFO : EPOCH 1 - PROGRESS: at 0.69% examples, 51629 words/s, in_qsize 0, out_qsize 0
2019-04-01 23:16:46,074 : INFO : EPOCH 1 - PROGRESS: at 0.70% examples, 51433 words/s, in_qsize 0, out_qsize 0
2019-04-01 23:16:47,087 : INFO : EPOCH 1 - PROGRESS: at 0.72% examples, 52683 words/s, in_qsize 0, out_qsize 0
2019-04-01 23:16:48,131 : INFO : EPOCH 1 - PROGRESS: at 0.73% examples, 52912 words/s, in_qsize 0, out_qsize 0
2019-04-01 23:16:49,726 : INFO : EPOCH 1 - PROGRESS: at 0.74% examples, 52512 words/s, in_qsize 0, out_qsize 0
2019-04-01 23:16:50,996 : INFO : EPOCH 1 - PROGRESS: at 0.74% examples, 52193 words/s, in_qsize 0, out_qsize 0
2019-04-01 23:16:53,420 : INFO : EPOCH 1 - PROGRESS: at 0.75% examples, 51786 words/s, in_qsize 1, out_qsize 0
2019-04-01 23:16:54,628 : INFO : EPOCH 1 - PROGRESS: at 0.77% examples, 52793 words/s, in_qsize 0, out_qsize 0
2019-04-01 23:17:01,076 : INFO : EPOCH 1 - PROGRESS: at 0.78% examples, 50905 words/s, in_qsize 1, out_qsize 0
2019-04-01 23:17:02,082 : INFO : EPOCH 1 - PROGRESS: at 0.82% examples, 52953 words/s, in_qsize 0, out_qsize 0
2019-04-01 23:17:03,143 : INFO : EPOCH 1 - PROGRESS: at 0.84% examples, 53705 words/s, in_qsize 0, out_qsize 0
2019-04-01 23:17:05,428 : INFO : EPOCH 1 - PROGRESS: at 0.84% examples, 52966 words/s, in_qsize 0, out_qsize 0
2019-04-01 23:17:07,635 : INFO : EPOCH 1 - PROGRESS: at 0.84% examples, 52488 words/s, in_qsize 0, out_qsize 0
2019-04-01 23:17:18,699 : INFO : EPOCH 1 - PROGRESS: at 0.85% examples, 49363 words/s, in_qsize 2, out_qsize 1
2019-04-01 23:17:19,707 : INFO : EPOCH 1 - PROGRESS: at 0.87% examples, 50046 words/s, in_qsize 13, out_qsize 0
2019-04-01 23:17:20,750 : INFO : EPOCH 1 - PROGRESS: at 0.89% examples, 50803 words/s, in_qsize 0, out_qsize 0
2019-04-01 23:17:21,836 : INFO : EPOCH 1 - PROGRESS: at 0.89% examples, 50745 words/s, in_qsize 0, out_qsize 0
2019-04-01 23:17:23,637 : INFO : EPOCH 1 - PROGRESS: at 0.89% examples, 50226 words/s, in_qsize 0, out_qsize 0
Exception in thread Thread-17:
Traceback (most recent call last):
  File "/usr/lib/python3.5/threading.py", line 914, in _bootstrap_inner
    self.run()
  File "/usr/lib/python3.5/threading.py", line 862, in run
    self._target(*self._args, **self._kwargs)
  File "/usr/lib/python3.5/multiprocessing/pool.py", line 366, in _handle_workers
    pool._maintain_pool()
  File "/usr/lib/python3.5/multiprocessing/pool.py", line 240, in _maintain_pool
    self._repopulate_pool()
  File "/usr/lib/python3.5/multiprocessing/pool.py", line 233, in _repopulate_pool
    w.start()
  File "/usr/lib/python3.5/multiprocessing/process.py", line 105, in start
    self._popen = self._Popen(self)
  File "/usr/lib/python3.5/multiprocessing/context.py", line 267, in _Popen
    return Popen(process_obj)
  File "/usr/lib/python3.5/multiprocessing/popen_fork.py", line 20, in __init__
    self._launch(process_obj)
  File "/usr/lib/python3.5/multiprocessing/popen_fork.py", line 67, in _launch
    self.pid = os.fork()
OSError: [Errno 12] Cannot allocate memory